# JRE version: OpenJDK Runtime Environment (11.0.13) (build 11.0.13+0-b1751.21-8125866)
# Java VM: OpenJDK 64-Bit Server VM (11.0.13+0-b1751.21-8125866, mixed mode, tiered, compressed oops, g1 gc, windows-amd64)
Heap:
 garbage-first heap   total 270336K, used 222687K [0x0000000080000000, 0x0000000100000000)
  region size 1024K, 48 young (49152K), 5 survivors (5120K)
 Metaspace       used 118641K, capacity 121946K, committed 122184K, reserved 1155072K
  class space    used 14854K, capacity 16050K, committed 16128K, reserved 1048576K
GC Heap History (20 events):
Event: 10.740 GC heap before
{Heap before GC invocations=31 (full 0):
 garbage-first heap   total 225280K, used 191974K [0x0000000080000000, 0x0000000100000000)
  region size 1024K, 52 young (53248K), 4 survivors (4096K)
 Metaspace       used 91611K, capacity 93983K, committed 94152K, reserved 1130496K
  class space    used 11725K, capacity 12545K, committed 12672K, reserved 1048576K
}
Event: 10.748 GC heap after
{Heap after GC invocations=32 (full 0):
 garbage-first heap   total 225280K, used 146670K [0x0000000080000000, 0x0000000100000000)
  region size 1024K, 7 young (7168K), 7 survivors (7168K)
 Metaspace       used 91611K, capacity 93983K, committed 94152K, reserved 1130496K
  class space    used 11725K, capacity 12545K, committed 12672K, reserved 1048576K
}
Event: 10.923 GC heap before
{Heap before GC invocations=33 (full 0):
 garbage-first heap   total 225280K, used 189678K [0x0000000080000000, 0x0000000100000000)
  region size 1024K, 50 young (51200K), 7 survivors (7168K)
 Metaspace       used 93308K, capacity 95694K, committed 95816K, reserved 1132544K
  class space    used 11928K, capacity 12731K, committed 12800K, reserved 1048576K
}
Event: 10.929 GC heap after
{Heap after GC invocations=34 (full 0):
 garbage-first heap   total 225280K, used 148298K [0x0000000080000000, 0x0000000100000000)
  region size 1024K, 2 young (2048K), 2 survivors (2048K)
 Metaspace       used 93308K, capacity 95694K, committed 95816K, reserved 1132544K
  class space    used 11928K, capacity 12731K, committed 12800K, reserved 1048576K
}
Event: 11.516 GC heap before
{Heap before GC invocations=35 (full 0):
 garbage-first heap   total 225280K, used 193354K [0x0000000080000000, 0x0000000100000000)
  region size 1024K, 45 young (46080K), 2 survivors (2048K)
 Metaspace       used 100495K, capacity 102914K, committed 103112K, reserved 1138688K
  class space    used 12774K, capacity 13631K, committed 13696K, reserved 1048576K
}
Event: 11.521 GC heap after
{Heap after GC invocations=36 (full 0):
 garbage-first heap   total 225280K, used 149045K [0x0000000080000000, 0x0000000100000000)
  region size 1024K, 3 young (3072K), 3 survivors (3072K)
 Metaspace       used 100495K, capacity 102914K, committed 103112K, reserved 1138688K
  class space    used 12774K, capacity 13631K, committed 13696K, reserved 1048576K
}
Event: 11.929 GC heap before
{Heap before GC invocations=36 (full 0):
 garbage-first heap   total 225280K, used 192053K [0x0000000080000000, 0x0000000100000000)
  region size 1024K, 46 young (47104K), 3 survivors (3072K)
 Metaspace       used 102364K, capacity 105252K, committed 105416K, reserved 1140736K
  class space    used 13125K, capacity 14114K, committed 14208K, reserved 1048576K
}
Event: 11.936 GC heap after
{Heap after GC invocations=37 (full 0):
 garbage-first heap   total 225280K, used 154624K [0x0000000080000000, 0x0000000100000000)
  region size 1024K, 6 young (6144K), 6 survivors (6144K)
 Metaspace       used 102364K, capacity 105252K, committed 105416K, reserved 1140736K
  class space    used 13125K, capacity 14114K, committed 14208K, reserved 1048576K
}
Event: 12.211 GC heap before
{Heap before GC invocations=38 (full 0):
 garbage-first heap   total 225280K, used 192512K [0x0000000080000000, 0x0000000100000000)
  region size 1024K, 44 young (45056K), 6 survivors (6144K)
 Metaspace       used 102705K, capacity 105524K, committed 105672K, reserved 1140736K
  class space    used 13142K, capacity 14151K, committed 14208K, reserved 1048576K
}
Event: 12.220 GC heap after
{Heap after GC invocations=39 (full 0):
 garbage-first heap   total 225280K, used 158506K [0x0000000080000000, 0x0000000100000000)
  region size 1024K, 5 young (5120K), 5 survivors (5120K)
 Metaspace       used 102705K, capacity 105524K, committed 105672K, reserved 1140736K
  class space    used 13142K, capacity 14151K, committed 14208K, reserved 1048576K
}
Event: 12.619 GC heap before
{Heap before GC invocations=39 (full 0):
 garbage-first heap   total 225280K, used 193322K [0x0000000080000000, 0x0000000100000000)
  region size 1024K, 39 young (39936K), 5 survivors (5120K)
 Metaspace       used 105170K, capacity 108060K, committed 108360K, reserved 1142784K
  class space    used 13427K, capacity 14475K, committed 14592K, reserved 1048576K
}
Event: 12.626 GC heap after
{Heap after GC invocations=40 (full 0):
 garbage-first heap   total 270336K, used 160684K [0x0000000080000000, 0x0000000100000000)
  region size 1024K, 4 young (4096K), 4 survivors (4096K)
 Metaspace       used 105170K, capacity 108060K, committed 108360K, reserved 1142784K
  class space    used 13427K, capacity 14475K, committed 14592K, reserved 1048576K
}
Event: 13.353 GC heap before
{Heap before GC invocations=41 (full 0):
 garbage-first heap   total 270336K, used 212908K [0x0000000080000000, 0x0000000100000000)
  region size 1024K, 56 young (57344K), 4 survivors (4096K)
 Metaspace       used 110836K, capacity 113740K, committed 114120K, reserved 1148928K
  class space    used 13955K, capacity 15061K, committed 15232K, reserved 1048576K
}
Event: 13.364 GC heap after
{Heap after GC invocations=42 (full 0):
 garbage-first heap   total 270336K, used 162723K [0x0000000080000000, 0x0000000100000000)
  region size 1024K, 6 young (6144K), 6 survivors (6144K)
 Metaspace       used 110836K, capacity 113740K, committed 114120K, reserved 1148928K
  class space    used 13955K, capacity 15061K, committed 15232K, reserved 1048576K
}
Event: 46.476 GC heap before
{Heap before GC invocations=42 (full 0):
 garbage-first heap   total 270336K, used 216995K [0x0000000080000000, 0x0000000100000000)
  region size 1024K, 59 young (60416K), 6 survivors (6144K)
 Metaspace       used 111897K, capacity 114902K, committed 115144K, reserved 1148928K
  class space    used 14030K, capacity 15175K, committed 15232K, reserved 1048576K
}
Event: 46.503 GC heap after
{Heap after GC invocations=43 (full 0):
 garbage-first heap   total 270336K, used 168386K [0x0000000080000000, 0x0000000100000000)
  region size 1024K, 8 young (8192K), 8 survivors (8192K)
 Metaspace       used 111897K, capacity 114902K, committed 115144K, reserved 1148928K
  class space    used 14030K, capacity 15175K, committed 15232K, reserved 1048576K
}
Event: 47.401 GC heap before
{Heap before GC invocations=44 (full 0):
 garbage-first heap   total 270336K, used 220610K [0x0000000080000000, 0x0000000100000000)
  region size 1024K, 60 young (61440K), 8 survivors (8192K)
 Metaspace       used 115671K, capacity 118988K, committed 119240K, reserved 1153024K
  class space    used 14495K, capacity 15718K, committed 15744K, reserved 1048576K
}
Event: 47.413 GC heap after
{Heap after GC invocations=45 (full 0):
 garbage-first heap   total 270336K, used 175337K [0x0000000080000000, 0x0000000100000000)
  region size 1024K, 7 young (7168K), 7 survivors (7168K)
 Metaspace       used 115671K, capacity 118988K, committed 119240K, reserved 1153024K
  class space    used 14495K, capacity 15718K, committed 15744K, reserved 1048576K
}
Event: 48.458 GC heap before
{Heap before GC invocations=45 (full 0):
 garbage-first heap   total 270336K, used 223465K [0x0000000080000000, 0x0000000100000000)
  region size 1024K, 55 young (56320K), 7 survivors (7168K)
 Metaspace       used 118324K, capacity 121736K, committed 121928K, reserved 1155072K
  class space    used 14844K, capacity 16048K, committed 16128K, reserved 1048576K
}
Event: 48.467 GC heap after
{Heap after GC invocations=46 (full 0):
 garbage-first heap   total 270336K, used 179679K [0x0000000080000000, 0x0000000100000000)
  region size 1024K, 5 young (5120K), 5 survivors (5120K)
 Metaspace       used 118324K, capacity 121736K, committed 121928K, reserved 1155072K
  class space    used 14844K, capacity 16048K, committed 16128K, reserved 1048576K
}

